0 info it worked if it ends with ok
1 verbose cli [ 'C:\\Program Files\\nodejs\\\\node.exe',
1 verbose cli   'C:\\Program Files\\nodejs\\node_modules\\npm\\bin\\npm-cli.js',
1 verbose cli   'install',
1 verbose cli   'jekyll' ]
2 info using npm@1.3.5
3 info using node@v0.10.15
4 verbose node symlink C:\Program Files\nodejs\\node.exe
5 verbose cache add [ 'jekyll', null ]
6 verbose cache add name=undefined spec="jekyll" args=["jekyll",null]
7 verbose parsed url { protocol: null,
7 verbose parsed url   slashes: null,
7 verbose parsed url   auth: null,
7 verbose parsed url   host: null,
7 verbose parsed url   port: null,
7 verbose parsed url   hostname: null,
7 verbose parsed url   hash: null,
7 verbose parsed url   search: null,
7 verbose parsed url   query: null,
7 verbose parsed url   pathname: 'jekyll',
7 verbose parsed url   path: 'jekyll',
7 verbose parsed url   href: 'jekyll' }
8 silly lockFile bfc0b666-jekyll jekyll
9 verbose lock jekyll C:\Users\ptsh003\AppData\Roaming\npm-cache\bfc0b666-jekyll.lock
10 silly lockFile bfc0b666-jekyll jekyll
11 silly lockFile bfc0b666-jekyll jekyll
12 verbose addNamed [ 'jekyll', '' ]
13 verbose addNamed [ null, '*' ]
14 silly lockFile c8fd568e-jekyll jekyll@
15 verbose lock jekyll@ C:\Users\ptsh003\AppData\Roaming\npm-cache\c8fd568e-jekyll.lock
16 silly addNameRange { name: 'jekyll', range: '*', hasData: false }
17 verbose url raw jekyll
18 verbose url resolving [ 'https://registry.npmjs.org/', './jekyll' ]
19 verbose url resolved https://registry.npmjs.org/jekyll
20 info trying registry request attempt 1 at 14:40:45
21 http GET https://registry.npmjs.org/jekyll
22 http 404 https://registry.npmjs.org/jekyll
23 silly registry.get cb [ 404,
23 silly registry.get   { server: 'CouchDB/1.3.1 (Erlang OTP/R15B03)',
23 silly registry.get     date: 'Fri, 23 Aug 2013 18:40:47 GMT',
23 silly registry.get     'content-type': 'application/json',
23 silly registry.get     'content-length': '52',
23 silly registry.get     'cache-control': 'must-revalidate' } ]
24 silly lockFile c8fd568e-jekyll jekyll@
25 silly lockFile c8fd568e-jekyll jekyll@
26 error 404 'jekyll' is not in the npm registry.
26 error 404 You should bug the author to publish it
26 error 404
26 error 404 Note that you can also install from a
26 error 404 tarball, folder, or http url, or git url.
27 error System Windows_NT 6.1.7601
28 error command "C:\\Program Files\\nodejs\\\\node.exe" "C:\\Program Files\\nodejs\\node_modules\\npm\\bin\\npm-cli.js" "install" "jekyll"
29 error cwd C:\Dropbox\active\mdpad
30 error node -v v0.10.15
31 error npm -v 1.3.5
32 error code E404
33 verbose exit [ 1, true ]
